2021/04/02-13:38:42 INFO  [main] com.jsh.erp.ErpApplication - Starting ErpApplication on LAPTOP-HIFN562D with PID 11468 (E:\jshERP-master\target\classes started by 砒霜 in E:\jshERP-master)
2021/04/02-13:38:42 DEBUG [main] com.jsh.erp.ErpApplication - Running with Spring Boot v2.0.0.RELEASE, Spring v5.0.4.RELEASE
2021/04/02-13:38:42 INFO  [main] com.jsh.erp.ErpApplication - No active profile set, falling back to default profiles: default
2021/04/02-13:38:49 INFO  [main] com.jsh.erp.ErpApplication - Started ErpApplication in 7.534 seconds (JVM running for 8.458)
2021/04/02-13:39:33 INFO  [http-nio-8080-exec-2] com.jsh.erp.controller.UserController - ============用户登录 login 方法调用开始==============
2021/04/02-13:39:33 DEBUG [http-nio-8080-exec-2] com.jsh.erp.datasource.mappers.UserMapper.selectByExample - ==>  Preparing: SELECT id, username, login_name, password, position, department, email, phonenum, ismanager, isystem, Status, description, remark, tenant_id FROM jsh_user WHERE (login_name = ? AND Status = ?) 
2021/04/02-13:39:33 DEBUG [http-nio-8080-exec-2] com.jsh.erp.datasource.mappers.UserMapper.selectByExample - ==> Parameters: jsh(String), 0(Byte)
2021/04/02-13:39:33 DEBUG [http-nio-8080-exec-2] com.jsh.erp.datasource.mappers.UserMapper.selectByExample - <==      Total: 1
2021/04/02-13:39:33 DEBUG [http-nio-8080-exec-2] com.jsh.erp.datasource.mappers.UserMapper.selectByExample - ==>  Preparing: SELECT id, username, login_name, password, position, department, email, phonenum, ismanager, isystem, Status, description, remark, tenant_id FROM jsh_user WHERE (login_name = ? AND password = ? AND Status = ?) 
2021/04/02-13:39:33 DEBUG [http-nio-8080-exec-2] com.jsh.erp.datasource.mappers.UserMapper.selectByExample - ==> Parameters: jsh(String), e10adc3949ba59abbe56e057f20f883e(String), 0(Byte)
2021/04/02-13:39:33 DEBUG [http-nio-8080-exec-2] com.jsh.erp.datasource.mappers.UserMapper.selectByExample - <==      Total: 1
2021/04/02-13:39:33 DEBUG [http-nio-8080-exec-2] com.jsh.erp.datasource.mappers.UserMapper.selectByExample - ==>  Preparing: SELECT id, username, login_name, password, position, department, email, phonenum, ismanager, isystem, Status, description, remark, tenant_id FROM jsh_user WHERE (login_name = ? AND Status = ?) 
2021/04/02-13:39:33 DEBUG [http-nio-8080-exec-2] com.jsh.erp.datasource.mappers.UserMapper.selectByExample - ==> Parameters: jsh(String), 0(Byte)
2021/04/02-13:39:33 DEBUG [http-nio-8080-exec-2] com.jsh.erp.datasource.mappers.UserMapper.selectByExample - <==      Total: 1
2021/04/02-13:39:33 DEBUG [http-nio-8080-exec-2] com.jsh.erp.datasource.mappers.UserBusinessMapper.selectByExample - ==>  Preparing: SELECT id, type, key_id, value, btn_str, delete_flag FROM jsh_user_business WHERE (key_id = ? AND type = ? AND delete_flag <> ?) 
2021/04/02-13:39:33 DEBUG [http-nio-8080-exec-2] com.jsh.erp.datasource.mappers.UserBusinessMapper.selectByExample - ==> Parameters: 63(String), UserRole(String), 1(String)
2021/04/02-13:39:33 DEBUG [http-nio-8080-exec-2] com.jsh.erp.datasource.mappers.UserBusinessMapper.selectByExample - <==      Total: 1
2021/04/02-13:39:33 DEBUG [http-nio-8080-exec-2] com.jsh.erp.datasource.mappers.RoleMapper.selectByPrimaryKey - ==>  Preparing: SELECT id, name, type, value, description, tenant_id, delete_flag FROM jsh_role WHERE id = ? 
2021/04/02-13:39:33 DEBUG [http-nio-8080-exec-2] com.jsh.erp.datasource.mappers.RoleMapper.selectByPrimaryKey - ==> Parameters: 10(Long)
2021/04/02-13:39:33 DEBUG [http-nio-8080-exec-2] com.jsh.erp.datasource.mappers.RoleMapper.selectByPrimaryKey - <==      Total: 1
2021/04/02-13:39:33 DEBUG [http-nio-8080-exec-2] com.jsh.erp.datasource.mappers.TenantMapper.selectByExample - ==>  Preparing: SELECT id, tenant_id, login_name, user_num_limit, bills_num_limit, create_time FROM jsh_tenant WHERE (tenant_id = ?) 
2021/04/02-13:39:33 DEBUG [http-nio-8080-exec-2] com.jsh.erp.datasource.mappers.TenantMapper.selectByExample - ==> Parameters: 63(Long)
2021/04/02-13:39:33 DEBUG [http-nio-8080-exec-2] com.jsh.erp.datasource.mappers.TenantMapper.selectByExample - <==      Total: 1
2021/04/02-13:39:33 DEBUG [http-nio-8080-exec-2] com.jsh.erp.datasource.mappers.LogMapper.insertSelective - ==>  Preparing: INSERT INTO jsh_log (user_id, operation, client_ip, create_time, status, content, tenant_id) VALUES (?, ?, ?, ?, ?, ?, 63) 
2021/04/02-13:39:33 DEBUG [http-nio-8080-exec-2] com.jsh.erp.datasource.mappers.LogMapper.insertSelective - ==> Parameters: 63(Long), 用户(String), 192.168.1.112(String), 2021-04-02 13:39:33.923(Timestamp), 0(Byte), 登录jsh(String)
2021/04/02-13:39:33 DEBUG [http-nio-8080-exec-2] com.jsh.erp.datasource.mappers.LogMapper.insertSelective - <==    Updates: 1
2021/04/02-13:39:33 INFO  [http-nio-8080-exec-2] com.jsh.erp.controller.UserController - ===============用户登录 login 方法调用结束===============
2021/04/02-13:39:34 DEBUG [http-nio-8080-exec-9] com.jsh.erp.datasource.mappers.UserBusinessMapper.selectByExample - ==>  Preparing: SELECT id, type, key_id, value, btn_str, delete_flag FROM jsh_user_business WHERE (key_id = ? AND type = ? AND delete_flag <> ?) 
2021/04/02-13:39:34 DEBUG [http-nio-8080-exec-9] com.jsh.erp.datasource.mappers.UserBusinessMapper.selectByExample - ==> Parameters: 63(String), UserRole(String), 1(String)
2021/04/02-13:39:34 DEBUG [http-nio-8080-exec-9] com.jsh.erp.datasource.mappers.UserBusinessMapper.selectByExample - <==      Total: 1
2021/04/02-13:39:34 DEBUG [http-nio-8080-exec-6] com.jsh.erp.datasource.mappers.UserBusinessMapper.selectByExample - ==>  Preparing: SELECT id, type, key_id, value, btn_str, delete_flag FROM jsh_user_business WHERE (key_id = ? AND type = ? AND delete_flag <> ?) 
2021/04/02-13:39:34 DEBUG [http-nio-8080-exec-6] com.jsh.erp.datasource.mappers.UserBusinessMapper.selectByExample - ==> Parameters: 10(String), RoleFunctions(String), 1(String)
2021/04/02-13:39:34 DEBUG [http-nio-8080-exec-6] com.jsh.erp.datasource.mappers.UserBusinessMapper.selectByExample - <==      Total: 1
2021/04/02-13:39:34 DEBUG [http-nio-8080-exec-5] com.jsh.erp.datasource.mappers.FunctionMapper.selectByExample - ==>  Preparing: SELECT id, number, name, parent_number, url, state, sort, enabled, type, push_btn, icon, delete_flag FROM jsh_function WHERE (enabled = ? AND parent_number = ? AND delete_flag <> ?) ORDER BY Sort 
2021/04/02-13:39:34 DEBUG [http-nio-8080-exec-5] com.jsh.erp.datasource.mappers.FunctionMapper.selectByExample - ==> Parameters: true(Boolean), 0(String), 1(String)
2021/04/02-13:39:34 DEBUG [http-nio-8080-exec-5] com.jsh.erp.datasource.mappers.FunctionMapper.selectByExample - <==      Total: 9
2021/04/02-13:39:34 DEBUG [http-nio-8080-exec-5] com.jsh.erp.datasource.mappers.FunctionMapper.selectByExample - ==>  Preparing: SELECT id, number, name, parent_number, url, state, sort, enabled, type, push_btn, icon, delete_flag FROM jsh_function WHERE (enabled = ? AND parent_number = ? AND delete_flag <> ?) ORDER BY Sort 
2021/04/02-13:39:34 DEBUG [http-nio-8080-exec-5] com.jsh.erp.datasource.mappers.FunctionMapper.selectByExample - ==> Parameters: true(Boolean), 0401(String), 1(String)
2021/04/02-13:39:34 DEBUG [http-nio-8080-exec-5] com.jsh.erp.datasource.mappers.FunctionMapper.selectByExample - <==      Total: 2
2021/04/02-13:39:34 DEBUG [http-nio-8080-exec-5] com.jsh.erp.datasource.mappers.FunctionMapper.selectByExample - ==>  Preparing: SELECT id, number, name, parent_number, url, state, sort, enabled, type, push_btn, icon, delete_flag FROM jsh_function WHERE (enabled = ? AND parent_number = ? AND delete_flag <> ?) ORDER BY Sort 
2021/04/02-13:39:34 DEBUG [http-nio-8080-exec-5] com.jsh.erp.datasource.mappers.FunctionMapper.selectByExample - ==> Parameters: true(Boolean), 040102(String), 1(String)
2021/04/02-13:39:34 DEBUG [http-nio-8080-exec-5] com.jsh.erp.datasource.mappers.FunctionMapper.selectByExample - <==      Total: 0
2021/04/02-13:39:34 DEBUG [http-nio-8080-exec-5] com.jsh.erp.datasource.mappers.FunctionMapper.selectByExample - ==>  Preparing: SELECT id, number, name, parent_number, url, state, sort, enabled, type, push_btn, icon, delete_flag FROM jsh_function WHERE (enabled = ? AND parent_number = ? AND delete_flag <> ?) ORDER BY Sort 
2021/04/02-13:39:34 DEBUG [http-nio-8080-exec-5] com.jsh.erp.datasource.mappers.FunctionMapper.selectByExample - ==> Parameters: true(Boolean), 040104(String), 1(String)
2021/04/02-13:39:34 DEBUG [http-nio-8080-exec-5] com.jsh.erp.datasource.mappers.FunctionMapper.selectByExample - <==      Total: 0
2021/04/02-13:39:34 DEBUG [http-nio-8080-exec-5] com.jsh.erp.datasource.mappers.FunctionMapper.selectByExample - ==>  Preparing: SELECT id, number, name, parent_number, url, state, sort, enabled, type, push_btn, icon, delete_flag FROM jsh_function WHERE (enabled = ? AND parent_number = ? AND delete_flag <> ?) ORDER BY Sort 
2021/04/02-13:39:34 DEBUG [http-nio-8080-exec-5] com.jsh.erp.datasource.mappers.FunctionMapper.selectByExample - ==> Parameters: true(Boolean), 0502(String), 1(String)
2021/04/02-13:39:34 DEBUG [http-nio-8080-exec-5] com.jsh.erp.datasource.mappers.FunctionMapper.selectByExample - <==      Total: 3
2021/04/02-13:39:34 DEBUG [http-nio-8080-exec-5] com.jsh.erp.datasource.mappers.FunctionMapper.selectByExample - ==>  Preparing: SELECT id, number, name, parent_number, url, state, sort, enabled, type, push_btn, icon, delete_flag FROM jsh_function WHERE (enabled = ? AND parent_number = ? AND delete_flag <> ?) ORDER BY Sort 
2021/04/02-13:39:34 DEBUG [http-nio-8080-exec-5] com.jsh.erp.datasource.mappers.FunctionMapper.selectByExample - ==> Parameters: true(Boolean), 050202(String), 1(String)
2021/04/02-13:39:34 DEBUG [http-nio-8080-exec-5] com.jsh.erp.datasource.mappers.FunctionMapper.selectByExample - <==      Total: 0
2021/04/02-13:39:34 DEBUG [http-nio-8080-exec-5] com.jsh.erp.datasource.mappers.FunctionMapper.selectByExample - ==>  Preparing: SELECT id, number, name, parent_number, url, state, sort, enabled, type, push_btn, icon, delete_flag FROM jsh_function WHERE (enabled = ? AND parent_number = ? AND delete_flag <> ?) ORDER BY Sort 
2021/04/02-13:39:34 DEBUG [http-nio-8080-exec-5] com.jsh.erp.datasource.mappers.FunctionMapper.selectByExample - ==> Parameters: true(Boolean), 050201(String), 1(String)
2021/04/02-13:39:34 DEBUG [http-nio-8080-exec-5] com.jsh.erp.datasource.mappers.FunctionMapper.selectByExample - <==      Total: 0
2021/04/02-13:39:34 DEBUG [http-nio-8080-exec-5] com.jsh.erp.datasource.mappers.FunctionMapper.selectByExample - ==>  Preparing: SELECT id, number, name, parent_number, url, state, sort, enabled, type, push_btn, icon, delete_flag FROM jsh_function WHERE (enabled = ? AND parent_number = ? AND delete_flag <> ?) ORDER BY Sort 
2021/04/02-13:39:34 DEBUG [http-nio-8080-exec-5] com.jsh.erp.datasource.mappers.FunctionMapper.selectByExample - ==> Parameters: true(Boolean), 050204(String), 1(String)
2021/04/02-13:39:34 DEBUG [http-nio-8080-exec-5] com.jsh.erp.datasource.mappers.FunctionMapper.selectByExample - <==      Total: 0
2021/04/02-13:39:34 DEBUG [http-nio-8080-exec-5] com.jsh.erp.datasource.mappers.FunctionMapper.selectByExample - ==>  Preparing: SELECT id, number, name, parent_number, url, state, sort, enabled, type, push_btn, icon, delete_flag FROM jsh_function WHERE (enabled = ? AND parent_number = ? AND delete_flag <> ?) ORDER BY Sort 
2021/04/02-13:39:34 DEBUG [http-nio-8080-exec-5] com.jsh.erp.datasource.mappers.FunctionMapper.selectByExample - ==> Parameters: true(Boolean), 0603(String), 1(String)
2021/04/02-13:39:34 DEBUG [http-nio-8080-exec-5] com.jsh.erp.datasource.mappers.FunctionMapper.selectByExample - <==      Total: 3
2021/04/02-13:39:34 DEBUG [http-nio-8080-exec-5] com.jsh.erp.datasource.mappers.FunctionMapper.selectByExample - ==>  Preparing: SELECT id, number, name, parent_number, url, state, sort, enabled, type, push_btn, icon, delete_flag FROM jsh_function WHERE (enabled = ? AND parent_number = ? AND delete_flag <> ?) ORDER BY Sort 
2021/04/02-13:39:34 DEBUG [http-nio-8080-exec-5] com.jsh.erp.datasource.mappers.FunctionMapper.selectByExample - ==> Parameters: true(Boolean), 060301(String), 1(String)
2021/04/02-13:39:34 DEBUG [http-nio-8080-exec-5] com.jsh.erp.datasource.mappers.FunctionMapper.selectByExample - <==      Total: 0
2021/04/02-13:39:34 DEBUG [http-nio-8080-exec-5] com.jsh.erp.datasource.mappers.FunctionMapper.selectByExample - ==>  Preparing: SELECT id, number, name, parent_number, url, state, sort, enabled, type, push_btn, icon, delete_flag FROM jsh_function WHERE (enabled = ? AND parent_number = ? AND delete_flag <> ?) ORDER BY Sort 
2021/04/02-13:39:34 DEBUG [http-nio-8080-exec-5] com.jsh.erp.datasource.mappers.FunctionMapper.selectByExample - ==> Parameters: true(Boolean), 060303(String), 1(String)
2021/04/02-13:39:34 DEBUG [http-nio-8080-exec-5] com.jsh.erp.datasource.mappers.FunctionMapper.selectByExample - <==      Total: 0
2021/04/02-13:39:34 DEBUG [http-nio-8080-exec-5] com.jsh.erp.datasource.mappers.FunctionMapper.selectByExample - ==>  Preparing: SELECT id, number, name, parent_number, url, state, sort, enabled, type, push_btn, icon, delete_flag FROM jsh_function WHERE (enabled = ? AND parent_number = ? AND delete_flag <> ?) ORDER BY Sort 
2021/04/02-13:39:34 DEBUG [http-nio-8080-exec-5] com.jsh.erp.datasource.mappers.FunctionMapper.selectByExample - ==> Parameters: true(Boolean), 060305(String), 1(String)
2021/04/02-13:39:34 DEBUG [http-nio-8080-exec-5] com.jsh.erp.datasource.mappers.FunctionMapper.selectByExample - <==      Total: 0
2021/04/02-13:39:34 DEBUG [http-nio-8080-exec-5] com.jsh.erp.datasource.mappers.FunctionMapper.selectByExample - ==>  Preparing: SELECT id, number, name, parent_number, url, state, sort, enabled, type, push_btn, icon, delete_flag FROM jsh_function WHERE (enabled = ? AND parent_number = ? AND delete_flag <> ?) ORDER BY Sort 
2021/04/02-13:39:34 DEBUG [http-nio-8080-exec-5] com.jsh.erp.datasource.mappers.FunctionMapper.selectByExample - ==> Parameters: true(Boolean), 0801(String), 1(String)
2021/04/02-13:39:34 DEBUG [http-nio-8080-exec-5] com.jsh.erp.datasource.mappers.FunctionMapper.selectByExample - <==      Total: 5
2021/04/02-13:39:34 DEBUG [http-nio-8080-exec-5] com.jsh.erp.datasource.mappers.FunctionMapper.selectByExample - ==>  Preparing: SELECT id, number, name, parent_number, url, state, sort, enabled, type, push_btn, icon, delete_flag FROM jsh_function WHERE (enabled = ? AND parent_number = ? AND delete_flag <> ?) ORDER BY Sort 
2021/04/02-13:39:34 DEBUG [http-nio-8080-exec-5] com.jsh.erp.datasource.mappers.FunctionMapper.selectByExample - ==> Parameters: true(Boolean), 080103(String), 1(String)
2021/04/02-13:39:34 DEBUG [http-nio-8080-exec-5] com.jsh.erp.datasource.mappers.FunctionMapper.selectByExample - <==      Total: 0
2021/04/02-13:39:34 DEBUG [http-nio-8080-exec-5] com.jsh.erp.datasource.mappers.FunctionMapper.selectByExample - ==>  Preparing: SELECT id, number, name, parent_number, url, state, sort, enabled, type, push_btn, icon, delete_flag FROM jsh_function WHERE (enabled = ? AND parent_number = ? AND delete_flag <> ?) ORDER BY Sort 
2021/04/02-13:39:34 DEBUG [http-nio-8080-exec-5] com.jsh.erp.datasource.mappers.FunctionMapper.selectByExample - ==> Parameters: true(Boolean), 080105(String), 1(String)
2021/04/02-13:39:34 DEBUG [http-nio-8080-exec-5] com.jsh.erp.datasource.mappers.FunctionMapper.selectByExample - <==      Total: 0
2021/04/02-13:39:34 DEBUG [http-nio-8080-exec-5] com.jsh.erp.datasource.mappers.FunctionMapper.selectByExample - ==>  Preparing: SELECT id, number, name, parent_number, url, state, sort, enabled, type, push_btn, icon, delete_flag FROM jsh_function WHERE (enabled = ? AND parent_number = ? AND delete_flag <> ?) ORDER BY Sort 
2021/04/02-13:39:34 DEBUG [http-nio-8080-exec-5] com.jsh.erp.datasource.mappers.FunctionMapper.selectByExample - ==> Parameters: true(Boolean), 080107(String), 1(String)
2021/04/02-13:39:34 DEBUG [http-nio-8080-exec-5] com.jsh.erp.datasource.mappers.FunctionMapper.selectByExample - <==      Total: 0
2021/04/02-13:39:34 DEBUG [http-nio-8080-exec-5] com.jsh.erp.datasource.mappers.FunctionMapper.selectByExample - ==>  Preparing: SELECT id, number, name, parent_number, url, state, sort, enabled, type, push_btn, icon, delete_flag FROM jsh_function WHERE (enabled = ? AND parent_number = ? AND delete_flag <> ?) ORDER BY Sort 
2021/04/02-13:39:34 DEBUG [http-nio-8080-exec-5] com.jsh.erp.datasource.mappers.FunctionMapper.selectByExample - ==> Parameters: true(Boolean), 080109(String), 1(String)
2021/04/02-13:39:34 DEBUG [http-nio-8080-exec-5] com.jsh.erp.datasource.mappers.FunctionMapper.selectByExample - <==      Total: 0
2021/04/02-13:39:34 DEBUG [http-nio-8080-exec-5] com.jsh.erp.datasource.mappers.FunctionMapper.selectByExample - ==>  Preparing: SELECT id, number, name, parent_number, url, state, sort, enabled, type, push_btn, icon, delete_flag FROM jsh_function WHERE (enabled = ? AND parent_number = ? AND delete_flag <> ?) ORDER BY Sort 
2021/04/02-13:39:34 DEBUG [http-nio-8080-exec-5] com.jsh.erp.datasource.mappers.FunctionMapper.selectByExample - ==> Parameters: true(Boolean), 080111(String), 1(String)
2021/04/02-13:39:34 DEBUG [http-nio-8080-exec-5] com.jsh.erp.datasource.mappers.FunctionMapper.selectByExample - <==      Total: 0
2021/04/02-13:39:34 DEBUG [http-nio-8080-exec-5] com.jsh.erp.datasource.mappers.FunctionMapper.selectByExample - ==>  Preparing: SELECT id, number, name, parent_number, url, state, sort, enabled, type, push_btn, icon, delete_flag FROM jsh_function WHERE (enabled = ? AND parent_number = ? AND delete_flag <> ?) ORDER BY Sort 
2021/04/02-13:39:34 DEBUG [http-nio-8080-exec-5] com.jsh.erp.datasource.mappers.FunctionMapper.selectByExample - ==> Parameters: true(Boolean), 0704(String), 1(String)
2021/04/02-13:39:34 DEBUG [http-nio-8080-exec-5] com.jsh.erp.datasource.mappers.FunctionMapper.selectByExample - <==      Total: 6
2021/04/02-13:39:34 DEBUG [http-nio-8080-exec-5] com.jsh.erp.datasource.mappers.FunctionMapper.selectByExample - ==>  Preparing: SELECT id, number, name, parent_number, url, state, sort, enabled, type, push_btn, icon, delete_flag FROM jsh_function WHERE (enabled = ? AND parent_number = ? AND delete_flag <> ?) ORDER BY Sort 
2021/04/02-13:39:34 DEBUG [http-nio-8080-exec-5] com.jsh.erp.datasource.mappers.FunctionMapper.selectByExample - ==> Parameters: true(Boolean), 070402(String), 1(String)
2021/04/02-13:39:34 DEBUG [http-nio-8080-exec-5] com.jsh.erp.datasource.mappers.FunctionMapper.selectByExample - <==      Total: 0
2021/04/02-13:39:34 DEBUG [http-nio-8080-exec-5] com.jsh.erp.datasource.mappers.FunctionMapper.selectByExample - ==>  Preparing: SELECT id, number, name, parent_number, url, state, sort, enabled, type, push_btn, icon, delete_flag FROM jsh_function WHERE (enabled = ? AND parent_number = ? AND delete_flag <> ?) ORDER BY Sort 
2021/04/02-13:39:34 DEBUG [http-nio-8080-exec-5] com.jsh.erp.datasource.mappers.FunctionMapper.selectByExample - ==> Parameters: true(Boolean), 070403(String), 1(String)
2021/04/02-13:39:34 DEBUG [http-nio-8080-exec-5] com.jsh.erp.datasource.mappers.FunctionMapper.selectByExample - <==      Total: 0
2021/04/02-13:39:34 DEBUG [http-nio-8080-exec-5] com.jsh.erp.datasource.mappers.FunctionMapper.selectByExample - ==>  Preparing: SELECT id, number, name, parent_number, url, state, sort, enabled, type, push_btn, icon, delete_flag FROM jsh_function WHERE (enabled = ? AND parent_number = ? AND delete_flag <> ?) ORDER BY Sort 
2021/04/02-13:39:34 DEBUG [http-nio-8080-exec-5] com.jsh.erp.datasource.mappers.FunctionMapper.selectByExample - ==> Parameters: true(Boolean), 070404(String), 1(String)
2021/04/02-13:39:34 DEBUG [http-nio-8080-exec-5] com.jsh.erp.datasource.mappers.FunctionMapper.selectByExample - <==      Total: 0
2021/04/02-13:39:34 DEBUG [http-nio-8080-exec-5] com.jsh.erp.datasource.mappers.FunctionMapper.selectByExample - ==>  Preparing: SELECT id, number, name, parent_number, url, state, sort, enabled, type, push_btn, icon, delete_flag FROM jsh_function WHERE (enabled = ? AND parent_number = ? AND delete_flag <> ?) ORDER BY Sort 
2021/04/02-13:39:34 DEBUG [http-nio-8080-exec-5] com.jsh.erp.datasource.mappers.FunctionMapper.selectByExample - ==> Parameters: true(Boolean), 070405(String), 1(String)
2021/04/02-13:39:34 DEBUG [http-nio-8080-exec-5] com.jsh.erp.datasource.mappers.FunctionMapper.selectByExample - <==      Total: 0
2021/04/02-13:39:34 DEBUG [http-nio-8080-exec-5] com.jsh.erp.datasource.mappers.FunctionMapper.selectByExample - ==>  Preparing: SELECT id, number, name, parent_number, url, state, sort, enabled, type, push_btn, icon, delete_flag FROM jsh_function WHERE (enabled = ? AND parent_number = ? AND delete_flag <> ?) ORDER BY Sort 
2021/04/02-13:39:34 DEBUG [http-nio-8080-exec-5] com.jsh.erp.datasource.mappers.FunctionMapper.selectByExample - ==> Parameters: true(Boolean), 070406(String), 1(String)
2021/04/02-13:39:34 DEBUG [http-nio-8080-exec-5] com.jsh.erp.datasource.mappers.FunctionMapper.selectByExample - <==      Total: 0
2021/04/02-13:39:34 DEBUG [http-nio-8080-exec-5] com.jsh.erp.datasource.mappers.FunctionMapper.selectByExample - ==>  Preparing: SELECT id, number, name, parent_number, url, state, sort, enabled, type, push_btn, icon, delete_flag FROM jsh_function WHERE (enabled = ? AND parent_number = ? AND delete_flag <> ?) ORDER BY Sort 
2021/04/02-13:39:34 DEBUG [http-nio-8080-exec-5] com.jsh.erp.datasource.mappers.FunctionMapper.selectByExample - ==> Parameters: true(Boolean), 070407(String), 1(String)
2021/04/02-13:39:34 DEBUG [http-nio-8080-exec-5] com.jsh.erp.datasource.mappers.FunctionMapper.selectByExample - <==      Total: 0
2021/04/02-13:39:34 DEBUG [http-nio-8080-exec-5] com.jsh.erp.datasource.mappers.FunctionMapper.selectByExample - ==>  Preparing: SELECT id, number, name, parent_number, url, state, sort, enabled, type, push_btn, icon, delete_flag FROM jsh_function WHERE (enabled = ? AND parent_number = ? AND delete_flag <> ?) ORDER BY Sort 
2021/04/02-13:39:34 DEBUG [http-nio-8080-exec-5] com.jsh.erp.datasource.mappers.FunctionMapper.selectByExample - ==> Parameters: true(Boolean), 0301(String), 1(String)
2021/04/02-13:39:34 DEBUG [http-nio-8080-exec-5] com.jsh.erp.datasource.mappers.FunctionMapper.selectByExample - <==      Total: 11
2021/04/02-13:39:34 DEBUG [http-nio-8080-exec-5] com.jsh.erp.datasource.mappers.FunctionMapper.selectByExample - ==>  Preparing: SELECT id, number, name, parent_number, url, state, sort, enabled, type, push_btn, icon, delete_flag FROM jsh_function WHERE (enabled = ? AND parent_number = ? AND delete_flag <> ?) ORDER BY Sort 
2021/04/02-13:39:34 DEBUG [http-nio-8080-exec-5] com.jsh.erp.datasource.mappers.FunctionMapper.selectByExample - ==> Parameters: true(Boolean), 030101(String), 1(String)
2021/04/02-13:39:34 DEBUG [http-nio-8080-exec-5] com.jsh.erp.datasource.mappers.FunctionMapper.selectByExample - <==      Total: 0
2021/04/02-13:39:34 DEBUG [http-nio-8080-exec-5] com.jsh.erp.datasource.mappers.FunctionMapper.selectByExample - ==>  Preparing: SELECT id, number, name, parent_number, url, state, sort, enabled, type, push_btn, icon, delete_flag FROM jsh_function WHERE (enabled = ? AND parent_number = ? AND delete_flag <> ?) ORDER BY Sort 
2021/04/02-13:39:34 DEBUG [http-nio-8080-exec-5] com.jsh.erp.datasource.mappers.FunctionMapper.selectByExample - ==> Parameters: true(Boolean), 030102(String), 1(String)
2021/04/02-13:39:34 DEBUG [http-nio-8080-exec-5] com.jsh.erp.datasource.mappers.FunctionMapper.selectByExample - <==      Total: 0
2021/04/02-13:39:34 DEBUG [http-nio-8080-exec-5] com.jsh.erp.datasource.mappers.FunctionMapper.selectByExample - ==>  Preparing: SELECT id, number, name, parent_number, url, state, sort, enabled, type, push_btn, icon, delete_flag FROM jsh_function WHERE (enabled = ? AND parent_number = ? AND delete_flag <> ?) ORDER BY Sort 
2021/04/02-13:39:34 DEBUG [http-nio-8080-exec-5] com.jsh.erp.datasource.mappers.FunctionMapper.selectByExample - ==> Parameters: true(Boolean), 030103(String), 1(String)
2021/04/02-13:39:34 DEBUG [http-nio-8080-exec-5] com.jsh.erp.datasource.mappers.FunctionMapper.selectByExample - <==      Total: 0
2021/04/02-13:39:34 DEBUG [http-nio-8080-exec-5] com.jsh.erp.datasource.mappers.FunctionMapper.selectByExample - ==>  Preparing: SELECT id, number, name, parent_number, url, state, sort, enabled, type, push_btn, icon, delete_flag FROM jsh_function WHERE (enabled = ? AND parent_number = ? AND delete_flag <> ?) ORDER BY Sort 
2021/04/02-13:39:34 DEBUG [http-nio-8080-exec-5] com.jsh.erp.datasource.mappers.FunctionMapper.selectByExample - ==> Parameters: true(Boolean), 030104(String), 1(String)
2021/04/02-13:39:34 DEBUG [http-nio-8080-exec-5] com.jsh.erp.datasource.mappers.FunctionMapper.selectByExample - <==      Total: 0
2021/04/02-13:39:34 DEBUG [http-nio-8080-exec-5] com.jsh.erp.datasource.mappers.FunctionMapper.selectByExample - ==>  Preparing: SELECT id, number, name, parent_number, url, state, sort, enabled, type, push_btn, icon, delete_flag FROM jsh_function WHERE (enabled = ? AND parent_number = ? AND delete_flag <> ?) ORDER BY Sort 
2021/04/02-13:39:34 DEBUG [http-nio-8080-exec-5] com.jsh.erp.datasource.mappers.FunctionMapper.selectByExample - ==> Parameters: true(Boolean), 030106(String), 1(String)
2021/04/02-13:39:34 DEBUG [http-nio-8080-exec-5] com.jsh.erp.datasource.mappers.FunctionMapper.selectByExample - <==      Total: 0
2021/04/02-13:39:34 DEBUG [http-nio-8080-exec-5] com.jsh.erp.datasource.mappers.FunctionMapper.selectByExample - ==>  Preparing: SELECT id, number, name, parent_number, url, state, sort, enabled, type, push_btn, icon, delete_flag FROM jsh_function WHERE (enabled = ? AND parent_number = ? AND delete_flag <> ?) ORDER BY Sort 
2021/04/02-13:39:34 DEBUG [http-nio-8080-exec-5] com.jsh.erp.datasource.mappers.FunctionMapper.selectByExample - ==> Parameters: true(Boolean), 030107(String), 1(String)
2021/04/02-13:39:34 DEBUG [http-nio-8080-exec-5] com.jsh.erp.datasource.mappers.FunctionMapper.selectByExample - <==      Total: 0
2021/04/02-13:39:34 DEBUG [http-nio-8080-exec-5] com.jsh.erp.datasource.mappers.FunctionMapper.selectByExample - ==>  Preparing: SELECT id, number, name, parent_number, url, state, sort, enabled, type, push_btn, icon, delete_flag FROM jsh_function WHERE (enabled = ? AND parent_number = ? AND delete_flag <> ?) ORDER BY Sort 
2021/04/02-13:39:34 DEBUG [http-nio-8080-exec-5] com.jsh.erp.datasource.mappers.FunctionMapper.selectByExample - ==> Parameters: true(Boolean), 030108(String), 1(String)
2021/04/02-13:39:34 DEBUG [http-nio-8080-exec-5] com.jsh.erp.datasource.mappers.FunctionMapper.selectByExample - <==      Total: 0
2021/04/02-13:39:34 DEBUG [http-nio-8080-exec-5] com.jsh.erp.datasource.mappers.FunctionMapper.selectByExample - ==>  Preparing: SELECT id, number, name, parent_number, url, state, sort, enabled, type, push_btn, icon, delete_flag FROM jsh_function WHERE (enabled = ? AND parent_number = ? AND delete_flag <> ?) ORDER BY Sort 
2021/04/02-13:39:34 DEBUG [http-nio-8080-exec-5] com.jsh.erp.datasource.mappers.FunctionMapper.selectByExample - ==> Parameters: true(Boolean), 030109(String), 1(String)
2021/04/02-13:39:34 DEBUG [http-nio-8080-exec-5] com.jsh.erp.datasource.mappers.FunctionMapper.selectByExample - <==      Total: 0
2021/04/02-13:39:34 DEBUG [http-nio-8080-exec-5] com.jsh.erp.datasource.mappers.FunctionMapper.selectByExample - ==>  Preparing: SELECT id, number, name, parent_number, url, state, sort, enabled, type, push_btn, icon, delete_flag FROM jsh_function WHERE (enabled = ? AND parent_number = ? AND delete_flag <> ?) ORDER BY Sort 
2021/04/02-13:39:34 DEBUG [http-nio-8080-exec-5] com.jsh.erp.datasource.mappers.FunctionMapper.selectByExample - ==> Parameters: true(Boolean), 030110(String), 1(String)
2021/04/02-13:39:34 DEBUG [http-nio-8080-exec-5] com.jsh.erp.datasource.mappers.FunctionMapper.selectByExample - <==      Total: 0
2021/04/02-13:39:34 DEBUG [http-nio-8080-exec-5] com.jsh.erp.datasource.mappers.FunctionMapper.selectByExample - ==>  Preparing: SELECT id, number, name, parent_number, url, state, sort, enabled, type, push_btn, icon, delete_flag FROM jsh_function WHERE (enabled = ? AND parent_number = ? AND delete_flag <> ?) ORDER BY Sort 
2021/04/02-13:39:34 DEBUG [http-nio-8080-exec-5] com.jsh.erp.datasource.mappers.FunctionMapper.selectByExample - ==> Parameters: true(Boolean), 030111(String), 1(String)
2021/04/02-13:39:34 DEBUG [http-nio-8080-exec-5] com.jsh.erp.datasource.mappers.FunctionMapper.selectByExample - <==      Total: 0
2021/04/02-13:39:34 DEBUG [http-nio-8080-exec-5] com.jsh.erp.datasource.mappers.FunctionMapper.selectByExample - ==>  Preparing: SELECT id, number, name, parent_number, url, state, sort, enabled, type, push_btn, icon, delete_flag FROM jsh_function WHERE (enabled = ? AND parent_number = ? AND delete_flag <> ?) ORDER BY Sort 
2021/04/02-13:39:34 DEBUG [http-nio-8080-exec-5] com.jsh.erp.datasource.mappers.FunctionMapper.selectByExample - ==> Parameters: true(Boolean), 030112(String), 1(String)
2021/04/02-13:39:34 DEBUG [http-nio-8080-exec-5] com.jsh.erp.datasource.mappers.FunctionMapper.selectByExample - <==      Total: 0
2021/04/02-13:39:34 DEBUG [http-nio-8080-exec-5] com.jsh.erp.datasource.mappers.FunctionMapper.selectByExample - ==>  Preparing: SELECT id, number, name, parent_number, url, state, sort, enabled, type, push_btn, icon, delete_flag FROM jsh_function WHERE (enabled = ? AND parent_number = ? AND delete_flag <> ?) ORDER BY Sort 
2021/04/02-13:39:34 DEBUG [http-nio-8080-exec-5] com.jsh.erp.datasource.mappers.FunctionMapper.selectByExample - ==> Parameters: true(Boolean), 0101(String), 1(String)
2021/04/02-13:39:34 DEBUG [http-nio-8080-exec-5] com.jsh.erp.datasource.mappers.FunctionMapper.selectByExample - <==      Total: 4
2021/04/02-13:39:34 DEBUG [http-nio-8080-exec-5] com.jsh.erp.datasource.mappers.FunctionMapper.selectByExample - ==>  Preparing: SELECT id, number, name, parent_number, url, state, sort, enabled, type, push_btn, icon, delete_flag FROM jsh_function WHERE (enabled = ? AND parent_number = ? AND delete_flag <> ?) ORDER BY Sort 
2021/04/02-13:39:34 DEBUG [http-nio-8080-exec-5] com.jsh.erp.datasource.mappers.FunctionMapper.selectByExample - ==> Parameters: true(Boolean), 010101(String), 1(String)
2021/04/02-13:39:34 DEBUG [http-nio-8080-exec-5] com.jsh.erp.datasource.mappers.FunctionMapper.selectByExample - <==      Total: 0
2021/04/02-13:39:34 DEBUG [http-nio-8080-exec-5] com.jsh.erp.datasource.mappers.FunctionMapper.selectByExample - ==>  Preparing: SELECT id, number, name, parent_number, url, state, sort, enabled, type, push_btn, icon, delete_flag FROM jsh_function WHERE (enabled = ? AND parent_number = ? AND delete_flag <> ?) ORDER BY Sort 
2021/04/02-13:39:34 DEBUG [http-nio-8080-exec-5] com.jsh.erp.datasource.mappers.FunctionMapper.selectByExample - ==> Parameters: true(Boolean), 010102(String), 1(String)
2021/04/02-13:39:34 DEBUG [http-nio-8080-exec-5] com.jsh.erp.datasource.mappers.FunctionMapper.selectByExample - <==      Total: 0
2021/04/02-13:39:34 DEBUG [http-nio-8080-exec-5] com.jsh.erp.datasource.mappers.FunctionMapper.selectByExample - ==>  Preparing: SELECT id, number, name, parent_number, url, state, sort, enabled, type, push_btn, icon, delete_flag FROM jsh_function WHERE (enabled = ? AND parent_number = ? AND delete_flag <> ?) ORDER BY Sort 
2021/04/02-13:39:34 DEBUG [http-nio-8080-exec-5] com.jsh.erp.datasource.mappers.FunctionMapper.selectByExample - ==> Parameters: true(Boolean), 010103(String), 1(String)
2021/04/02-13:39:34 DEBUG [http-nio-8080-exec-5] com.jsh.erp.datasource.mappers.FunctionMapper.selectByExample - <==      Total: 0
2021/04/02-13:39:34 DEBUG [http-nio-8080-exec-5] com.jsh.erp.datasource.mappers.FunctionMapper.selectByExample - ==>  Preparing: SELECT id, number, name, parent_number, url, state, sort, enabled, type, push_btn, icon, delete_flag FROM jsh_function WHERE (enabled = ? AND parent_number = ? AND delete_flag <> ?) ORDER BY Sort 
2021/04/02-13:39:34 DEBUG [http-nio-8080-exec-5] com.jsh.erp.datasource.mappers.FunctionMapper.selectByExample - ==> Parameters: true(Boolean), 010104(String), 1(String)
2021/04/02-13:39:34 DEBUG [http-nio-8080-exec-5] com.jsh.erp.datasource.mappers.FunctionMapper.selectByExample - <==      Total: 0
2021/04/02-13:39:34 DEBUG [http-nio-8080-exec-5] com.jsh.erp.datasource.mappers.FunctionMapper.selectByExample - ==>  Preparing: SELECT id, number, name, parent_number, url, state, sort, enabled, type, push_btn, icon, delete_flag FROM jsh_function WHERE (enabled = ? AND parent_number = ? AND delete_flag <> ?) ORDER BY Sort 
2021/04/02-13:39:34 DEBUG [http-nio-8080-exec-5] com.jsh.erp.datasource.mappers.FunctionMapper.selectByExample - ==> Parameters: true(Boolean), 0102(String), 1(String)
2021/04/02-13:39:34 DEBUG [http-nio-8080-exec-5] com.jsh.erp.datasource.mappers.FunctionMapper.selectByExample - <==      Total: 7
2021/04/02-13:39:34 DEBUG [http-nio-8080-exec-5] com.jsh.erp.datasource.mappers.FunctionMapper.selectByExample - ==>  Preparing: SELECT id, number, name, parent_number, url, state, sort, enabled, type, push_btn, icon, delete_flag FROM jsh_function WHERE (enabled = ? AND parent_number = ? AND delete_flag <> ?) ORDER BY Sort 
2021/04/02-13:39:34 DEBUG [http-nio-8080-exec-5] com.jsh.erp.datasource.mappers.FunctionMapper.selectByExample - ==> Parameters: true(Boolean), 01020101(String), 1(String)
2021/04/02-13:39:34 DEBUG [http-nio-8080-exec-5] com.jsh.erp.datasource.mappers.FunctionMapper.selectByExample - <==      Total: 0
2021/04/02-13:39:34 DEBUG [http-nio-8080-exec-5] com.jsh.erp.datasource.mappers.FunctionMapper.selectByExample - ==>  Preparing: SELECT id, number, name, parent_number, url, state, sort, enabled, type, push_btn, icon, delete_flag FROM jsh_function WHERE (enabled = ? AND parent_number = ? AND delete_flag <> ?) ORDER BY Sort 
2021/04/02-13:39:34 DEBUG [http-nio-8080-exec-5] com.jsh.erp.datasource.mappers.FunctionMapper.selectByExample - ==> Parameters: true(Boolean), 01020102(String), 1(String)
2021/04/02-13:39:34 DEBUG [http-nio-8080-exec-5] com.jsh.erp.datasource.mappers.FunctionMapper.selectByExample - <==      Total: 0
2021/04/02-13:39:34 DEBUG [http-nio-8080-exec-5] com.jsh.erp.datasource.mappers.FunctionMapper.selectByExample - ==>  Preparing: SELECT id, number, name, parent_number, url, state, sort, enabled, type, push_btn, icon, delete_flag FROM jsh_function WHERE (enabled = ? AND parent_number = ? AND delete_flag <> ?) ORDER BY Sort 
2021/04/02-13:39:34 DEBUG [http-nio-8080-exec-5] com.jsh.erp.datasource.mappers.FunctionMapper.selectByExample - ==> Parameters: true(Boolean), 01020103(String), 1(String)
2021/04/02-13:39:34 DEBUG [http-nio-8080-exec-5] com.jsh.erp.datasource.mappers.FunctionMapper.selectByExample - <==      Total: 0
2021/04/02-13:39:34 DEBUG [http-nio-8080-exec-5] com.jsh.erp.datasource.mappers.FunctionMapper.selectByExample - ==>  Preparing: SELECT id, number, name, parent_number, url, state, sort, enabled, type, push_btn, icon, delete_flag FROM jsh_function WHERE (enabled = ? AND parent_number = ? AND delete_flag <> ?) ORDER BY Sort 
2021/04/02-13:39:34 DEBUG [http-nio-8080-exec-5] com.jsh.erp.datasource.mappers.FunctionMapper.selectByExample - ==> Parameters: true(Boolean), 010202(String), 1(String)
2021/04/02-13:39:34 DEBUG [http-nio-8080-exec-5] com.jsh.erp.datasource.mappers.FunctionMapper.selectByExample - <==      Total: 0
2021/04/02-13:39:34 DEBUG [http-nio-8080-exec-5] com.jsh.erp.datasource.mappers.FunctionMapper.selectByExample - ==>  Preparing: SELECT id, number, name, parent_number, url, state, sort, enabled, type, push_btn, icon, delete_flag FROM jsh_function WHERE (enabled = ? AND parent_number = ? AND delete_flag <> ?) ORDER BY Sort 
2021/04/02-13:39:34 DEBUG [http-nio-8080-exec-5] com.jsh.erp.datasource.mappers.FunctionMapper.selectByExample - ==> Parameters: true(Boolean), 010204(String), 1(String)
2021/04/02-13:39:34 DEBUG [http-nio-8080-exec-5] com.jsh.erp.datasource.mappers.FunctionMapper.selectByExample - <==      Total: 0
2021/04/02-13:39:34 DEBUG [http-nio-8080-exec-5] com.jsh.erp.datasource.mappers.FunctionMapper.selectByExample - ==>  Preparing: SELECT id, number, name, parent_number, url, state, sort, enabled, type, push_btn, icon, delete_flag FROM jsh_function WHERE (enabled = ? AND parent_number = ? AND delete_flag <> ?) ORDER BY Sort 
2021/04/02-13:39:34 DEBUG [http-nio-8080-exec-5] com.jsh.erp.datasource.mappers.FunctionMapper.selectByExample - ==> Parameters: true(Boolean), 010205(String), 1(String)
2021/04/02-13:39:34 DEBUG [http-nio-8080-exec-5] com.jsh.erp.datasource.mappers.FunctionMapper.selectByExample - <==      Total: 0
2021/04/02-13:39:34 DEBUG [http-nio-8080-exec-5] com.jsh.erp.datasource.mappers.FunctionMapper.selectByExample - ==>  Preparing: SELECT id, number, name, parent_number, url, state, sort, enabled, type, push_btn, icon, delete_flag FROM jsh_function WHERE (enabled = ? AND parent_number = ? AND delete_flag <> ?) ORDER BY Sort 
2021/04/02-13:39:34 DEBUG [http-nio-8080-exec-5] com.jsh.erp.datasource.mappers.FunctionMapper.selectByExample - ==> Parameters: true(Boolean), 010206(String), 1(String)
2021/04/02-13:39:34 DEBUG [http-nio-8080-exec-5] com.jsh.erp.datasource.mappers.FunctionMapper.selectByExample - <==      Total: 0
2021/04/02-13:39:34 DEBUG [http-nio-8080-exec-5] com.jsh.erp.datasource.mappers.FunctionMapper.selectByExample - ==>  Preparing: SELECT id, number, name, parent_number, url, state, sort, enabled, type, push_btn, icon, delete_flag FROM jsh_function WHERE (enabled = ? AND parent_number = ? AND delete_flag <> ?) ORDER BY Sort 
2021/04/02-13:39:34 DEBUG [http-nio-8080-exec-5] com.jsh.erp.datasource.mappers.FunctionMapper.selectByExample - ==> Parameters: true(Boolean), 0001(String), 1(String)
2021/04/02-13:39:34 DEBUG [http-nio-8080-exec-5] com.jsh.erp.datasource.mappers.FunctionMapper.selectByExample - <==      Total: 8
2021/04/02-13:39:34 DEBUG [http-nio-8080-exec-5] com.jsh.erp.datasource.mappers.FunctionMapper.selectByExample - ==>  Preparing: SELECT id, number, name, parent_number, url, state, sort, enabled, type, push_btn, icon, delete_flag FROM jsh_function WHERE (enabled = ? AND parent_number = ? AND delete_flag <> ?) ORDER BY Sort 
2021/04/02-13:39:34 DEBUG [http-nio-8080-exec-5] com.jsh.erp.datasource.mappers.FunctionMapper.selectByExample - ==> Parameters: true(Boolean), 000102(String), 1(String)
2021/04/02-13:39:34 DEBUG [http-nio-8080-exec-5] com.jsh.erp.datasource.mappers.FunctionMapper.selectByExample - <==      Total: 0
2021/04/02-13:39:34 DEBUG [http-nio-8080-exec-5] com.jsh.erp.datasource.mappers.FunctionMapper.selectByExample - ==>  Preparing: SELECT id, number, name, parent_number, url, state, sort, enabled, type, push_btn, icon, delete_flag FROM jsh_function WHERE (enabled = ? AND parent_number = ? AND delete_flag <> ?) ORDER BY Sort 
2021/04/02-13:39:34 DEBUG [http-nio-8080-exec-5] com.jsh.erp.datasource.mappers.FunctionMapper.selectByExample - ==> Parameters: true(Boolean), 000103(String), 1(String)
2021/04/02-13:39:34 DEBUG [http-nio-8080-exec-5] com.jsh.erp.datasource.mappers.FunctionMapper.selectByExample - <==      Total: 0
2021/04/02-13:39:34 DEBUG [http-nio-8080-exec-5] com.jsh.erp.datasource.mappers.FunctionMapper.selectByExample - ==>  Preparing: SELECT id, number, name, parent_number, url, state, sort, enabled, type, push_btn, icon, delete_flag FROM jsh_function WHERE (enabled = ? AND parent_number = ? AND delete_flag <> ?) ORDER BY Sort 
2021/04/02-13:39:34 DEBUG [http-nio-8080-exec-5] com.jsh.erp.datasource.mappers.FunctionMapper.selectByExample - ==> Parameters: true(Boolean), 000108(String), 1(String)
2021/04/02-13:39:34 DEBUG [http-nio-8080-exec-5] com.jsh.erp.datasource.mappers.FunctionMapper.selectByExample - <==      Total: 0
2021/04/02-13:39:34 DEBUG [http-nio-8080-exec-5] com.jsh.erp.datasource.mappers.FunctionMapper.selectByExample - ==>  Preparing: SELECT id, number, name, parent_number, url, state, sort, enabled, type, push_btn, icon, delete_flag FROM jsh_function WHERE (enabled = ? AND parent_number = ? AND delete_flag <> ?) ORDER BY Sort 
2021/04/02-13:39:34 DEBUG [http-nio-8080-exec-5] com.jsh.erp.datasource.mappers.FunctionMapper.selectByExample - ==> Parameters: true(Boolean), 000104(String), 1(String)
2021/04/02-13:39:34 DEBUG [http-nio-8080-exec-5] com.jsh.erp.datasource.mappers.FunctionMapper.selectByExample - <==      Total: 0
2021/04/02-13:39:34 DEBUG [http-nio-8080-exec-5] com.jsh.erp.datasource.mappers.FunctionMapper.selectByExample - ==>  Preparing: SELECT id, number, name, parent_number, url, state, sort, enabled, type, push_btn, icon, delete_flag FROM jsh_function WHERE (enabled = ? AND parent_number = ? AND delete_flag <> ?) ORDER BY Sort 
2021/04/02-13:39:34 DEBUG [http-nio-8080-exec-5] com.jsh.erp.datasource.mappers.FunctionMapper.selectByExample - ==> Parameters: true(Boolean), 000105(String), 1(String)
2021/04/02-13:39:34 DEBUG [http-nio-8080-exec-5] com.jsh.erp.datasource.mappers.FunctionMapper.selectByExample - <==      Total: 0
2021/04/02-13:39:34 DEBUG [http-nio-8080-exec-5] com.jsh.erp.datasource.mappers.FunctionMapper.selectByExample - ==>  Preparing: SELECT id, number, name, parent_number, url, state, sort, enabled, type, push_btn, icon, delete_flag FROM jsh_function WHERE (enabled = ? AND parent_number = ? AND delete_flag <> ?) ORDER BY Sort 
2021/04/02-13:39:34 DEBUG [http-nio-8080-exec-5] com.jsh.erp.datasource.mappers.FunctionMapper.selectByExample - ==> Parameters: true(Boolean), 000105(String), 1(String)
2021/04/02-13:39:34 DEBUG [http-nio-8080-exec-5] com.jsh.erp.datasource.mappers.FunctionMapper.selectByExample - <==      Total: 0
2021/04/02-13:39:34 DEBUG [http-nio-8080-exec-5] com.jsh.erp.datasource.mappers.FunctionMapper.selectByExample - ==>  Preparing: SELECT id, number, name, parent_number, url, state, sort, enabled, type, push_btn, icon, delete_flag FROM jsh_function WHERE (enabled = ? AND parent_number = ? AND delete_flag <> ?) ORDER BY Sort 
2021/04/02-13:39:34 DEBUG [http-nio-8080-exec-5] com.jsh.erp.datasource.mappers.FunctionMapper.selectByExample - ==> Parameters: true(Boolean), 000106(String), 1(String)
2021/04/02-13:39:34 DEBUG [http-nio-8080-exec-5] com.jsh.erp.datasource.mappers.FunctionMapper.selectByExample - <==      Total: 0
2021/04/02-13:39:34 DEBUG [http-nio-8080-exec-5] com.jsh.erp.datasource.mappers.FunctionMapper.selectByExample - ==>  Preparing: SELECT id, number, name, parent_number, url, state, sort, enabled, type, push_btn, icon, delete_flag FROM jsh_function WHERE (enabled = ? AND parent_number = ? AND delete_flag <> ?) ORDER BY Sort 
2021/04/02-13:39:34 DEBUG [http-nio-8080-exec-5] com.jsh.erp.datasource.mappers.FunctionMapper.selectByExample - ==> Parameters: true(Boolean), 000107(String), 1(String)
2021/04/02-13:39:34 DEBUG [http-nio-8080-exec-5] com.jsh.erp.datasource.mappers.FunctionMapper.selectByExample - <==      Total: 0
2021/04/02-13:39:34 DEBUG [http-nio-8080-exec-7] com.jsh.erp.datasource.mappers.MsgMapperEx.getMsgCountByStatus - ==>  Preparing: SELECT COUNT(id) FROM jsh_msg WHERE jsh_msg.tenant_id = 63 AND 1 = 1 AND ifnull(delete_Flag, '0') != '1' AND status = '1' 
2021/04/02-13:39:34 DEBUG [http-nio-8080-exec-7] com.jsh.erp.datasource.mappers.MsgMapperEx.getMsgCountByStatus - ==> Parameters: 
2021/04/02-13:39:34 DEBUG [http-nio-8080-exec-7] com.jsh.erp.datasource.mappers.MsgMapperEx.getMsgCountByStatus - <==      Total: 1
2021/04/02-13:39:34 DEBUG [http-nio-8080-exec-5] com.jsh.erp.datasource.mappers.DepotHeadMapperEx.getBuyAndSaleStatistics - ==>  Preparing: SELECT ifnull(sum(discount_last_money), 0) FROM jsh_depot_head WHERE jsh_depot_head.tenant_id = 63 AND 1 = 1 AND type = '出库' AND sub_type = '销售' AND organ_id IS NOT NULL AND oper_time >= '2021-04-02 00:00:00' AND oper_time <= '2021-04-02 13:39:34' AND ifnull(delete_flag, '0') != '1' 
2021/04/02-13:39:34 DEBUG [http-nio-8080-exec-10] com.jsh.erp.datasource.mappers.DepotItemMapperEx.inOrOutPrice - ==>  Preparing: SELECT ifnull(sum(discount_last_money), 0) AS allMoney FROM jsh_depot_head dh WHERE dh.tenant_id = 63 AND 1 = 1 AND dh.type = '入库' AND dh.sub_type = '采购' AND dh.oper_time >= '2020-11-01 00:00:00' AND dh.oper_time <= '2020-11-31 23:59:59' AND ifnull(dh.delete_flag, '0') != '1' 
2021/04/02-13:39:35 DEBUG [http-nio-8080-exec-10] com.jsh.erp.datasource.mappers.DepotItemMapperEx.inOrOutPrice - ==> Parameters: 
2021/04/02-13:39:35 DEBUG [http-nio-8080-exec-5] com.jsh.erp.datasource.mappers.DepotHeadMapperEx.getBuyAndSaleStatistics - ==> Parameters: 
2021/04/02-13:39:35 DEBUG [http-nio-8080-exec-5] com.jsh.erp.datasource.mappers.DepotHeadMapperEx.getBuyAndSaleStatistics - <==      Total: 1
2021/04/02-13:39:35 DEBUG [http-nio-8080-exec-10] com.jsh.erp.datasource.mappers.DepotItemMapperEx.inOrOutPrice - <==      Total: 1
2021/04/02-13:39:35 DEBUG [http-nio-8080-exec-5] com.jsh.erp.datasource.mappers.DepotHeadMapperEx.getBuyAndSaleRetailStatistics - ==>  Preparing: SELECT ifnull(sum(total_price), 0) FROM jsh_depot_head WHERE jsh_depot_head.tenant_id = 63 AND 1 = 1 AND type = '出库' AND sub_type = '零售' AND organ_id IS NULL AND oper_time >= '2021-04-02 00:00:00' AND oper_time <= '2021-04-02 13:39:35' AND ifnull(delete_flag, '0') != '1' 
2021/04/02-13:39:35 DEBUG [http-nio-8080-exec-10] com.jsh.erp.datasource.mappers.DepotItemMapperEx.inOrOutPrice - ==>  Preparing: SELECT ifnull(sum(discount_last_money), 0) AS allMoney FROM jsh_depot_head dh WHERE dh.tenant_id = 63 AND 1 = 1 AND dh.type = '出库' AND dh.sub_type = '采购退货' AND dh.oper_time >= '2020-11-01 00:00:00' AND dh.oper_time <= '2020-11-31 23:59:59' AND ifnull(dh.delete_flag, '0') != '1' 
2021/04/02-13:39:35 DEBUG [http-nio-8080-exec-5] com.jsh.erp.datasource.mappers.DepotHeadMapperEx.getBuyAndSaleRetailStatistics - ==> Parameters: 
2021/04/02-13:39:35 DEBUG [http-nio-8080-exec-10] com.jsh.erp.datasource.mappers.DepotItemMapperEx.inOrOutPrice - ==> Parameters: 
2021/04/02-13:39:35 DEBUG [http-nio-8080-exec-5] com.jsh.erp.datasource.mappers.DepotHeadMapperEx.getBuyAndSaleRetailStatistics - <==      Total: 1
2021/04/02-13:39:35 DEBUG [http-nio-8080-exec-10] com.jsh.erp.datasource.mappers.DepotItemMapperEx.inOrOutPrice - <==      Total: 1
2021/04/02-13:39:35 DEBUG [http-nio-8080-exec-5] com.jsh.erp.datasource.mappers.DepotHeadMapperEx.getBuyAndSaleStatistics - ==>  Preparing: SELECT ifnull(sum(discount_last_money), 0) FROM jsh_depot_head WHERE jsh_depot_head.tenant_id = 63 AND 1 = 1 AND type = '入库' AND sub_type = '采购' AND organ_id IS NOT NULL AND oper_time >= '2021-04-02 00:00:00' AND oper_time <= '2021-04-02 13:39:35' AND ifnull(delete_flag, '0') != '1' 
2021/04/02-13:39:35 DEBUG [http-nio-8080-exec-10] com.jsh.erp.datasource.mappers.DepotItemMapperEx.inOrOutPrice - ==>  Preparing: SELECT ifnull(sum(discount_last_money), 0) AS allMoney FROM jsh_depot_head dh WHERE dh.tenant_id = 63 AND 1 = 1 AND dh.type = '入库' AND dh.sub_type = '采购' AND dh.oper_time >= '2020-12-01 00:00:00' AND dh.oper_time <= '2020-12-31 23:59:59' AND ifnull(dh.delete_flag, '0') != '1' 
2021/04/02-13:39:35 DEBUG [http-nio-8080-exec-5] com.jsh.erp.datasource.mappers.DepotHeadMapperEx.getBuyAndSaleStatistics - ==> Parameters: 
2021/04/02-13:39:35 DEBUG [http-nio-8080-exec-10] com.jsh.erp.datasource.mappers.DepotItemMapperEx.inOrOutPrice - ==> Parameters: 
2021/04/02-13:39:35 DEBUG [http-nio-8080-exec-5] com.jsh.erp.datasource.mappers.DepotHeadMapperEx.getBuyAndSaleStatistics - <==      Total: 1
2021/04/02-13:39:35 DEBUG [http-nio-8080-exec-10] com.jsh.erp.datasource.mappers.DepotItemMapperEx.inOrOutPrice - <==      Total: 1
2021/04/02-13:39:35 DEBUG [http-nio-8080-exec-5] com.jsh.erp.datasource.mappers.DepotHeadMapperEx.getBuyAndSaleStatistics - ==>  Preparing: SELECT ifnull(sum(discount_last_money), 0) FROM jsh_depot_head WHERE jsh_depot_head.tenant_id = 63 AND 1 = 1 AND type = '出库' AND sub_type = '销售' AND organ_id IS NOT NULL AND oper_time >= '2021-04-01 00:00:00' AND oper_time <= '2021-04-02 13:39:35' AND ifnull(delete_flag, '0') != '1' 
2021/04/02-13:39:35 DEBUG [http-nio-8080-exec-10] com.jsh.erp.datasource.mappers.DepotItemMapperEx.inOrOutPrice - ==>  Preparing: SELECT ifnull(sum(discount_last_money), 0) AS allMoney FROM jsh_depot_head dh WHERE dh.tenant_id = 63 AND 1 = 1 AND dh.type = '出库' AND dh.sub_type = '采购退货' AND dh.oper_time >= '2020-12-01 00:00:00' AND dh.oper_time <= '2020-12-31 23:59:59' AND ifnull(dh.delete_flag, '0') != '1' 
2021/04/02-13:39:35 DEBUG [http-nio-8080-exec-5] com.jsh.erp.datasource.mappers.DepotHeadMapperEx.getBuyAndSaleStatistics - ==> Parameters: 
2021/04/02-13:39:35 DEBUG [http-nio-8080-exec-5] com.jsh.erp.datasource.mappers.DepotHeadMapperEx.getBuyAndSaleStatistics - <==      Total: 1
2021/04/02-13:39:35 DEBUG [http-nio-8080-exec-10] com.jsh.erp.datasource.mappers.DepotItemMapperEx.inOrOutPrice - ==> Parameters: 
2021/04/02-13:39:35 DEBUG [http-nio-8080-exec-10] com.jsh.erp.datasource.mappers.DepotItemMapperEx.inOrOutPrice - <==      Total: 1
2021/04/02-13:39:35 DEBUG [http-nio-8080-exec-5] com.jsh.erp.datasource.mappers.DepotHeadMapperEx.getBuyAndSaleRetailStatistics - ==>  Preparing: SELECT ifnull(sum(total_price), 0) FROM jsh_depot_head WHERE jsh_depot_head.tenant_id = 63 AND 1 = 1 AND type = '出库' AND sub_type = '零售' AND organ_id IS NULL AND oper_time >= '2021-04-01 00:00:00' AND oper_time <= '2021-04-02 13:39:35' AND ifnull(delete_flag, '0') != '1' 
2021/04/02-13:39:35 DEBUG [http-nio-8080-exec-10] com.jsh.erp.datasource.mappers.DepotItemMapperEx.inOrOutPrice - ==>  Preparing: SELECT ifnull(sum(discount_last_money), 0) AS allMoney FROM jsh_depot_head dh WHERE dh.tenant_id = 63 AND 1 = 1 AND dh.type = '入库' AND dh.sub_type = '采购' AND dh.oper_time >= '2021-01-01 00:00:00' AND dh.oper_time <= '2021-01-31 23:59:59' AND ifnull(dh.delete_flag, '0') != '1' 
2021/04/02-13:39:35 DEBUG [http-nio-8080-exec-5] com.jsh.erp.datasource.mappers.DepotHeadMapperEx.getBuyAndSaleRetailStatistics - ==> Parameters: 
2021/04/02-13:39:35 DEBUG [http-nio-8080-exec-5] com.jsh.erp.datasource.mappers.DepotHeadMapperEx.getBuyAndSaleRetailStatistics - <==      Total: 1
2021/04/02-13:39:35 DEBUG [http-nio-8080-exec-10] com.jsh.erp.datasource.mappers.DepotItemMapperEx.inOrOutPrice - ==> Parameters: 
2021/04/02-13:39:35 DEBUG [http-nio-8080-exec-10] com.jsh.erp.datasource.mappers.DepotItemMapperEx.inOrOutPrice - <==      Total: 1
2021/04/02-13:39:35 DEBUG [http-nio-8080-exec-5] com.jsh.erp.datasource.mappers.DepotHeadMapperEx.getBuyAndSaleStatistics - ==>  Preparing: SELECT ifnull(sum(discount_last_money), 0) FROM jsh_depot_head WHERE jsh_depot_head.tenant_id = 63 AND 1 = 1 AND type = '入库' AND sub_type = '采购' AND organ_id IS NOT NULL AND oper_time >= '2021-04-01 00:00:00' AND oper_time <= '2021-04-02 13:39:35' AND ifnull(delete_flag, '0') != '1' 
2021/04/02-13:39:35 DEBUG [http-nio-8080-exec-10] com.jsh.erp.datasource.mappers.DepotItemMapperEx.inOrOutPrice - ==>  Preparing: SELECT ifnull(sum(discount_last_money), 0) AS allMoney FROM jsh_depot_head dh WHERE dh.tenant_id = 63 AND 1 = 1 AND dh.type = '出库' AND dh.sub_type = '采购退货' AND dh.oper_time >= '2021-01-01 00:00:00' AND dh.oper_time <= '2021-01-31 23:59:59' AND ifnull(dh.delete_flag, '0') != '1' 
2021/04/02-13:39:35 DEBUG [http-nio-8080-exec-5] com.jsh.erp.datasource.mappers.DepotHeadMapperEx.getBuyAndSaleStatistics - ==> Parameters: 
2021/04/02-13:39:35 DEBUG [http-nio-8080-exec-5] com.jsh.erp.datasource.mappers.DepotHeadMapperEx.getBuyAndSaleStatistics - <==      Total: 1
2021/04/02-13:39:35 DEBUG [http-nio-8080-exec-10] com.jsh.erp.datasource.mappers.DepotItemMapperEx.inOrOutPrice - ==> Parameters: 
2021/04/02-13:39:35 DEBUG [http-nio-8080-exec-10] com.jsh.erp.datasource.mappers.DepotItemMapperEx.inOrOutPrice - <==      Total: 1
2021/04/02-13:39:35 DEBUG [http-nio-8080-exec-10] com.jsh.erp.datasource.mappers.DepotItemMapperEx.inOrOutPrice - ==>  Preparing: SELECT ifnull(sum(discount_last_money), 0) AS allMoney FROM jsh_depot_head dh WHERE dh.tenant_id = 63 AND 1 = 1 AND dh.type = '入库' AND dh.sub_type = '采购' AND dh.oper_time >= '2021-02-01 00:00:00' AND dh.oper_time <= '2021-02-31 23:59:59' AND ifnull(dh.delete_flag, '0') != '1' 
2021/04/02-13:39:35 DEBUG [http-nio-8080-exec-10] com.jsh.erp.datasource.mappers.DepotItemMapperEx.inOrOutPrice - ==> Parameters: 
2021/04/02-13:39:35 DEBUG [http-nio-8080-exec-10] com.jsh.erp.datasource.mappers.DepotItemMapperEx.inOrOutPrice - <==      Total: 1
2021/04/02-13:39:35 DEBUG [http-nio-8080-exec-10] com.jsh.erp.datasource.mappers.DepotItemMapperEx.inOrOutPrice - ==>  Preparing: SELECT ifnull(sum(discount_last_money), 0) AS allMoney FROM jsh_depot_head dh WHERE dh.tenant_id = 63 AND 1 = 1 AND dh.type = '出库' AND dh.sub_type = '采购退货' AND dh.oper_time >= '2021-02-01 00:00:00' AND dh.oper_time <= '2021-02-31 23:59:59' AND ifnull(dh.delete_flag, '0') != '1' 
2021/04/02-13:39:35 DEBUG [http-nio-8080-exec-10] com.jsh.erp.datasource.mappers.DepotItemMapperEx.inOrOutPrice - ==> Parameters: 
2021/04/02-13:39:35 DEBUG [http-nio-8080-exec-10] com.jsh.erp.datasource.mappers.DepotItemMapperEx.inOrOutPrice - <==      Total: 1
2021/04/02-13:39:35 DEBUG [http-nio-8080-exec-10] com.jsh.erp.datasource.mappers.DepotItemMapperEx.inOrOutPrice - ==>  Preparing: SELECT ifnull(sum(discount_last_money), 0) AS allMoney FROM jsh_depot_head dh WHERE dh.tenant_id = 63 AND 1 = 1 AND dh.type = '入库' AND dh.sub_type = '采购' AND dh.oper_time >= '2021-03-01 00:00:00' AND dh.oper_time <= '2021-03-31 23:59:59' AND ifnull(dh.delete_flag, '0') != '1' 
2021/04/02-13:39:35 DEBUG [http-nio-8080-exec-10] com.jsh.erp.datasource.mappers.DepotItemMapperEx.inOrOutPrice - ==> Parameters: 
2021/04/02-13:39:35 DEBUG [http-nio-8080-exec-10] com.jsh.erp.datasource.mappers.DepotItemMapperEx.inOrOutPrice - <==      Total: 1
2021/04/02-13:39:35 DEBUG [http-nio-8080-exec-10] com.jsh.erp.datasource.mappers.DepotItemMapperEx.inOrOutPrice - ==>  Preparing: SELECT ifnull(sum(discount_last_money), 0) AS allMoney FROM jsh_depot_head dh WHERE dh.tenant_id = 63 AND 1 = 1 AND dh.type = '出库' AND dh.sub_type = '采购退货' AND dh.oper_time >= '2021-03-01 00:00:00' AND dh.oper_time <= '2021-03-31 23:59:59' AND ifnull(dh.delete_flag, '0') != '1' 
2021/04/02-13:39:35 DEBUG [http-nio-8080-exec-10] com.jsh.erp.datasource.mappers.DepotItemMapperEx.inOrOutPrice - ==> Parameters: 
2021/04/02-13:39:35 DEBUG [http-nio-8080-exec-10] com.jsh.erp.datasource.mappers.DepotItemMapperEx.inOrOutPrice - <==      Total: 1
2021/04/02-13:39:35 DEBUG [http-nio-8080-exec-10] com.jsh.erp.datasource.mappers.DepotItemMapperEx.inOrOutPrice - ==>  Preparing: SELECT ifnull(sum(discount_last_money), 0) AS allMoney FROM jsh_depot_head dh WHERE dh.tenant_id = 63 AND 1 = 1 AND dh.type = '入库' AND dh.sub_type = '采购' AND dh.oper_time >= '2021-04-01 00:00:00' AND dh.oper_time <= '2021-04-31 23:59:59' AND ifnull(dh.delete_flag, '0') != '1' 
2021/04/02-13:39:35 DEBUG [http-nio-8080-exec-10] com.jsh.erp.datasource.mappers.DepotItemMapperEx.inOrOutPrice - ==> Parameters: 
2021/04/02-13:39:35 DEBUG [http-nio-8080-exec-10] com.jsh.erp.datasource.mappers.DepotItemMapperEx.inOrOutPrice - <==      Total: 1
2021/04/02-13:39:35 DEBUG [http-nio-8080-exec-10] com.jsh.erp.datasource.mappers.DepotItemMapperEx.inOrOutPrice - ==>  Preparing: SELECT ifnull(sum(discount_last_money), 0) AS allMoney FROM jsh_depot_head dh WHERE dh.tenant_id = 63 AND 1 = 1 AND dh.type = '出库' AND dh.sub_type = '采购退货' AND dh.oper_time >= '2021-04-01 00:00:00' AND dh.oper_time <= '2021-04-31 23:59:59' AND ifnull(dh.delete_flag, '0') != '1' 
2021/04/02-13:39:35 DEBUG [http-nio-8080-exec-10] com.jsh.erp.datasource.mappers.DepotItemMapperEx.inOrOutPrice - ==> Parameters: 
2021/04/02-13:39:35 DEBUG [http-nio-8080-exec-10] com.jsh.erp.datasource.mappers.DepotItemMapperEx.inOrOutPrice - <==      Total: 1
2021/04/02-13:39:35 DEBUG [http-nio-8080-exec-10] com.jsh.erp.datasource.mappers.DepotItemMapperEx.inOrOutPrice - ==>  Preparing: SELECT ifnull(sum(discount_last_money), 0) AS allMoney FROM jsh_depot_head dh WHERE dh.tenant_id = 63 AND 1 = 1 AND dh.type = '出库' AND dh.sub_type = '销售' AND dh.oper_time >= '2020-11-01 00:00:00' AND dh.oper_time <= '2020-11-31 23:59:59' AND ifnull(dh.delete_flag, '0') != '1' 
2021/04/02-13:39:35 DEBUG [http-nio-8080-exec-10] com.jsh.erp.datasource.mappers.DepotItemMapperEx.inOrOutPrice - ==> Parameters: 
2021/04/02-13:39:35 DEBUG [http-nio-8080-exec-10] com.jsh.erp.datasource.mappers.DepotItemMapperEx.inOrOutPrice - <==      Total: 1
2021/04/02-13:39:35 DEBUG [http-nio-8080-exec-10] com.jsh.erp.datasource.mappers.DepotItemMapperEx.inOrOutPrice - ==>  Preparing: SELECT ifnull(sum(discount_last_money), 0) AS allMoney FROM jsh_depot_head dh WHERE dh.tenant_id = 63 AND 1 = 1 AND dh.type = '入库' AND dh.sub_type = '销售退货' AND dh.oper_time >= '2020-11-01 00:00:00' AND dh.oper_time <= '2020-11-31 23:59:59' AND ifnull(dh.delete_flag, '0') != '1' 
2021/04/02-13:39:35 DEBUG [http-nio-8080-exec-10] com.jsh.erp.datasource.mappers.DepotItemMapperEx.inOrOutPrice - ==> Parameters: 
2021/04/02-13:39:35 DEBUG [http-nio-8080-exec-10] com.jsh.erp.datasource.mappers.DepotItemMapperEx.inOrOutPrice - <==      Total: 1
2021/04/02-13:39:35 DEBUG [http-nio-8080-exec-10] com.jsh.erp.datasource.mappers.DepotItemMapperEx.inOrOutPrice - ==>  Preparing: SELECT ifnull(sum(discount_last_money), 0) AS allMoney FROM jsh_depot_head dh WHERE dh.tenant_id = 63 AND 1 = 1 AND dh.type = '出库' AND dh.sub_type = '销售' AND dh.oper_time >= '2020-12-01 00:00:00' AND dh.oper_time <= '2020-12-31 23:59:59' AND ifnull(dh.delete_flag, '0') != '1' 
2021/04/02-13:39:35 DEBUG [http-nio-8080-exec-10] com.jsh.erp.datasource.mappers.DepotItemMapperEx.inOrOutPrice - ==> Parameters: 
2021/04/02-13:39:35 DEBUG [http-nio-8080-exec-10] com.jsh.erp.datasource.mappers.DepotItemMapperEx.inOrOutPrice - <==      Total: 1
2021/04/02-13:39:35 DEBUG [http-nio-8080-exec-10] com.jsh.erp.datasource.mappers.DepotItemMapperEx.inOrOutPrice - ==>  Preparing: SELECT ifnull(sum(discount_last_money), 0) AS allMoney FROM jsh_depot_head dh WHERE dh.tenant_id = 63 AND 1 = 1 AND dh.type = '入库' AND dh.sub_type = '销售退货' AND dh.oper_time >= '2020-12-01 00:00:00' AND dh.oper_time <= '2020-12-31 23:59:59' AND ifnull(dh.delete_flag, '0') != '1' 
2021/04/02-13:39:35 DEBUG [http-nio-8080-exec-10] com.jsh.erp.datasource.mappers.DepotItemMapperEx.inOrOutPrice - ==> Parameters: 
2021/04/02-13:39:35 DEBUG [http-nio-8080-exec-10] com.jsh.erp.datasource.mappers.DepotItemMapperEx.inOrOutPrice - <==      Total: 1
2021/04/02-13:39:35 DEBUG [http-nio-8080-exec-10] com.jsh.erp.datasource.mappers.DepotItemMapperEx.inOrOutPrice - ==>  Preparing: SELECT ifnull(sum(discount_last_money), 0) AS allMoney FROM jsh_depot_head dh WHERE dh.tenant_id = 63 AND 1 = 1 AND dh.type = '出库' AND dh.sub_type = '销售' AND dh.oper_time >= '2021-01-01 00:00:00' AND dh.oper_time <= '2021-01-31 23:59:59' AND ifnull(dh.delete_flag, '0') != '1' 
2021/04/02-13:39:35 DEBUG [http-nio-8080-exec-10] com.jsh.erp.datasource.mappers.DepotItemMapperEx.inOrOutPrice - ==> Parameters: 
2021/04/02-13:39:35 DEBUG [http-nio-8080-exec-10] com.jsh.erp.datasource.mappers.DepotItemMapperEx.inOrOutPrice - <==      Total: 1
2021/04/02-13:39:35 DEBUG [http-nio-8080-exec-10] com.jsh.erp.datasource.mappers.DepotItemMapperEx.inOrOutPrice - ==>  Preparing: SELECT ifnull(sum(discount_last_money), 0) AS allMoney FROM jsh_depot_head dh WHERE dh.tenant_id = 63 AND 1 = 1 AND dh.type = '入库' AND dh.sub_type = '销售退货' AND dh.oper_time >= '2021-01-01 00:00:00' AND dh.oper_time <= '2021-01-31 23:59:59' AND ifnull(dh.delete_flag, '0') != '1' 
2021/04/02-13:39:35 DEBUG [http-nio-8080-exec-10] com.jsh.erp.datasource.mappers.DepotItemMapperEx.inOrOutPrice - ==> Parameters: 
2021/04/02-13:39:35 DEBUG [http-nio-8080-exec-10] com.jsh.erp.datasource.mappers.DepotItemMapperEx.inOrOutPrice - <==      Total: 1
2021/04/02-13:39:35 DEBUG [http-nio-8080-exec-10] com.jsh.erp.datasource.mappers.DepotItemMapperEx.inOrOutPrice - ==>  Preparing: SELECT ifnull(sum(discount_last_money), 0) AS allMoney FROM jsh_depot_head dh WHERE dh.tenant_id = 63 AND 1 = 1 AND dh.type = '出库' AND dh.sub_type = '销售' AND dh.oper_time >= '2021-02-01 00:00:00' AND dh.oper_time <= '2021-02-31 23:59:59' AND ifnull(dh.delete_flag, '0') != '1' 
2021/04/02-13:39:35 DEBUG [http-nio-8080-exec-10] com.jsh.erp.datasource.mappers.DepotItemMapperEx.inOrOutPrice - ==> Parameters: 
2021/04/02-13:39:35 DEBUG [http-nio-8080-exec-10] com.jsh.erp.datasource.mappers.DepotItemMapperEx.inOrOutPrice - <==      Total: 1
2021/04/02-13:39:35 DEBUG [http-nio-8080-exec-10] com.jsh.erp.datasource.mappers.DepotItemMapperEx.inOrOutPrice - ==>  Preparing: SELECT ifnull(sum(discount_last_money), 0) AS allMoney FROM jsh_depot_head dh WHERE dh.tenant_id = 63 AND 1 = 1 AND dh.type = '入库' AND dh.sub_type = '销售退货' AND dh.oper_time >= '2021-02-01 00:00:00' AND dh.oper_time <= '2021-02-31 23:59:59' AND ifnull(dh.delete_flag, '0') != '1' 
2021/04/02-13:39:35 DEBUG [http-nio-8080-exec-10] com.jsh.erp.datasource.mappers.DepotItemMapperEx.inOrOutPrice - ==> Parameters: 
2021/04/02-13:39:35 DEBUG [http-nio-8080-exec-10] com.jsh.erp.datasource.mappers.DepotItemMapperEx.inOrOutPrice - <==      Total: 1
2021/04/02-13:39:35 DEBUG [http-nio-8080-exec-10] com.jsh.erp.datasource.mappers.DepotItemMapperEx.inOrOutPrice - ==>  Preparing: SELECT ifnull(sum(discount_last_money), 0) AS allMoney FROM jsh_depot_head dh WHERE dh.tenant_id = 63 AND 1 = 1 AND dh.type = '出库' AND dh.sub_type = '销售' AND dh.oper_time >= '2021-03-01 00:00:00' AND dh.oper_time <= '2021-03-31 23:59:59' AND ifnull(dh.delete_flag, '0') != '1' 
2021/04/02-13:39:35 DEBUG [http-nio-8080-exec-10] com.jsh.erp.datasource.mappers.DepotItemMapperEx.inOrOutPrice - ==> Parameters: 
2021/04/02-13:39:35 DEBUG [http-nio-8080-exec-10] com.jsh.erp.datasource.mappers.DepotItemMapperEx.inOrOutPrice - <==      Total: 1
2021/04/02-13:39:35 DEBUG [http-nio-8080-exec-10] com.jsh.erp.datasource.mappers.DepotItemMapperEx.inOrOutPrice - ==>  Preparing: SELECT ifnull(sum(discount_last_money), 0) AS allMoney FROM jsh_depot_head dh WHERE dh.tenant_id = 63 AND 1 = 1 AND dh.type = '入库' AND dh.sub_type = '销售退货' AND dh.oper_time >= '2021-03-01 00:00:00' AND dh.oper_time <= '2021-03-31 23:59:59' AND ifnull(dh.delete_flag, '0') != '1' 
2021/04/02-13:39:35 DEBUG [http-nio-8080-exec-10] com.jsh.erp.datasource.mappers.DepotItemMapperEx.inOrOutPrice - ==> Parameters: 
2021/04/02-13:39:35 DEBUG [http-nio-8080-exec-10] com.jsh.erp.datasource.mappers.DepotItemMapperEx.inOrOutPrice - <==      Total: 1
2021/04/02-13:39:35 DEBUG [http-nio-8080-exec-10] com.jsh.erp.datasource.mappers.DepotItemMapperEx.inOrOutPrice - ==>  Preparing: SELECT ifnull(sum(discount_last_money), 0) AS allMoney FROM jsh_depot_head dh WHERE dh.tenant_id = 63 AND 1 = 1 AND dh.type = '出库' AND dh.sub_type = '销售' AND dh.oper_time >= '2021-04-01 00:00:00' AND dh.oper_time <= '2021-04-31 23:59:59' AND ifnull(dh.delete_flag, '0') != '1' 
2021/04/02-13:39:35 DEBUG [http-nio-8080-exec-10] com.jsh.erp.datasource.mappers.DepotItemMapperEx.inOrOutPrice - ==> Parameters: 
2021/04/02-13:39:35 DEBUG [http-nio-8080-exec-10] com.jsh.erp.datasource.mappers.DepotItemMapperEx.inOrOutPrice - <==      Total: 1
2021/04/02-13:39:35 DEBUG [http-nio-8080-exec-10] com.jsh.erp.datasource.mappers.DepotItemMapperEx.inOrOutPrice - ==>  Preparing: SELECT ifnull(sum(discount_last_money), 0) AS allMoney FROM jsh_depot_head dh WHERE dh.tenant_id = 63 AND 1 = 1 AND dh.type = '入库' AND dh.sub_type = '销售退货' AND dh.oper_time >= '2021-04-01 00:00:00' AND dh.oper_time <= '2021-04-31 23:59:59' AND ifnull(dh.delete_flag, '0') != '1' 
2021/04/02-13:39:35 DEBUG [http-nio-8080-exec-10] com.jsh.erp.datasource.mappers.DepotItemMapperEx.inOrOutPrice - ==> Parameters: 
2021/04/02-13:39:35 DEBUG [http-nio-8080-exec-10] com.jsh.erp.datasource.mappers.DepotItemMapperEx.inOrOutPrice - <==      Total: 1
2021/04/02-13:40:27 INFO  [http-nio-8080-exec-3] com.jsh.erp.controller.UserController - ============用户登录 login 方法调用开始==============
2021/04/02-13:40:27 DEBUG [http-nio-8080-exec-3] com.jsh.erp.datasource.mappers.UserMapper.selectByExample - ==>  Preparing: SELECT id, username, login_name, password, position, department, email, phonenum, ismanager, isystem, Status, description, remark, tenant_id FROM jsh_user WHERE (login_name = ? AND Status = ?) 
2021/04/02-13:40:27 DEBUG [http-nio-8080-exec-3] com.jsh.erp.datasource.mappers.UserMapper.selectByExample - ==> Parameters: jsh(String), 0(Byte)
2021/04/02-13:40:27 DEBUG [http-nio-8080-exec-3] com.jsh.erp.datasource.mappers.UserMapper.selectByExample - <==      Total: 1
2021/04/02-13:40:27 DEBUG [http-nio-8080-exec-3] com.jsh.erp.datasource.mappers.UserMapper.selectByExample - ==>  Preparing: SELECT id, username, login_name, password, position, department, email, phonenum, ismanager, isystem, Status, description, remark, tenant_id FROM jsh_user WHERE (login_name = ? AND password = ? AND Status = ?) 
2021/04/02-13:40:27 DEBUG [http-nio-8080-exec-3] com.jsh.erp.datasource.mappers.UserMapper.selectByExample - ==> Parameters: jsh(String), b0baee9d279d34fa1dfd71aadb908c3f(String), 0(Byte)
2021/04/02-13:40:27 DEBUG [http-nio-8080-exec-3] com.jsh.erp.datasource.mappers.UserMapper.selectByExample - <==      Total: 0
2021/04/02-13:40:27 INFO  [http-nio-8080-exec-3] com.jsh.erp.controller.UserController - ===============用户登录 login 方法调用结束===============
